<?xml version="1.0" encoding="UTF-8"?>
<!-- Generated by org.testng.reporters.JUnitReportReporter -->
<testsuite hostname="LAPTOP-UPVFUSEC" failures="0" tests="1" name="tests.HomePageTest" time="22.328" errors="0" timestamp="2025-08-19T17:04:09 IST" skipped="0">
  <testcase classname="tests.HomePageTest" name="openMakeMyTrip" time="22.328"/>
</testsuite> <!-- tests.HomePageTest -->
